<?xml version='1.0'?>
<ns2:test-suite xmlns:ns2='urn:model.allure.qatools.yandex.ru' start='1598232340060' stop='1598232352011'>
    <name>AutomationPractice</name>
    <title>AutomationPractice</title>
    <test-cases>
        <test-case start='1598232340060' status='failed' stop='1598232352010'>
            <name>Validar direccionamiento Cart</name>
            <title>Validar direccionamiento Cart</title>
            <labels>
                <label name='language' value='javascript'/>
                <label name='framework' value='wdio'/>
                <label name='thread' value='0-0'/>
            </labels>
            <parameters>
                <parameter kind='argument' name='browser' value='Chrome-10.0.18363'/>
            </parameters>
            <steps>
                <step start='1598232340062' status='passed' stop='1598232340062'>
                    <name>Abrir URL</name>
                    <title>Abrir URL</title>
                    <attachments/>
                    <steps/>
                </step>
                <step start='1598232351427' status='passed' stop='1598232351427'>
                    <name>Obtener resultado</name>
                    <title>Obtener resultado</title>
                    <attachments/>
                    <steps/>
                </step>
            </steps>
            <attachments>
                <attachment title='Screenshot' source='2549851b-75d4-4646-a0c7-c0e6bbabb914-attachment.png' type='image/png' size='168259'/>
            </attachments>
            <failure>
                <message>expected 'Your shopping cart is empty.' to equal {}</message>
                <stack-trace>AssertionError: expected 'Your shopping cart is empty.' to equal {}
                    at Context.&lt;anonymous> (C:\Users\cecil\Desktop\ProyectoFinalTest\tests\automationpractice.test.js:41:54)
                    at Context.executeSync (C:\Users\cecil\Desktop\ProyectoFinalTest\node_modules\@wdio\sync\build\index.js:56:18)
                    at C:\Users\cecil\Desktop\ProyectoFinalTest\node_modules\@wdio\sync\build\index.js:82:70</stack-trace>
            </failure>
        </test-case>
    </test-cases>
</ns2:test-suite>