<?xml version='1.0'?>
<ns2:test-suite xmlns:ns2='urn:model.allure.qatools.yandex.ru' start='1634670971361' stop='1634670971380'>
    <name>AutomationPractice</name>
    <title>AutomationPractice</title>
    <test-cases>
        <test-case start='1634670971361' status='failed' stop='1634670971366'>
            <name>Buscar Printed Chiffon Dress</name>
            <title>Buscar Printed Chiffon Dress</title>
            <labels>
                <label name='language' value='javascript'/>
                <label name='framework' value='wdio'/>
                <label name='thread' value='0-0'/>
            </labels>
            <parameters>
                <parameter kind='argument' name='browser' value='Chrome-10.0.19042'/>
            </parameters>
            <steps>
                <step start='1634670971363' status='passed' stop='1634670971363'>
                    <name>Abrir URL</name>
                    <title>Abrir URL</title>
                    <attachments/>
                    <steps/>
                </step>
                <step start='1634670971363' status='passed' stop='1634670971363'>
                    <name>Buscar artículo: Printed Chiffon Dress</name>
                    <title>Buscar artículo: Printed Chiffon Dress</title>
                    <attachments/>
                    <steps/>
                </step>
                <step start='1634670971363' status='passed' stop='1634670971363'>
                    <name>Obtener texto de la barra de búsqueda</name>
                    <title>Obtener texto de la barra de búsqueda</title>
                    <attachments/>
                    <steps/>
                </step>
            </steps>
            <attachments/>
            <failure>
                <message>expected {} to equal 'Printed Chiffon Dress'</message>
                <stack-trace>AssertionError: expected {} to equal 'Printed Chiffon Dress'
                    at Context.&lt;anonymous> (C:\Users\Bayron\Desktop\ProyectoFinalTest\tests\automationpractice.test.js:17:56)
                    at Context.executeAsync (C:\Users\Bayron\Desktop\ProyectoFinalTest\node_modules\@wdio\utils\build\shim.js:123:21)
                    at Context.testFrameworkFnWrapper (C:\Users\Bayron\Desktop\ProyectoFinalTest\node_modules\@wdio\utils\build\test-framework\testFnWrapper.js:49:28)</stack-trace>
            </failure>
        </test-case>
        <test-case start='1634670971368' status='failed' stop='1634670971372'>
            <name>Buscar Blouse</name>
            <title>Buscar Blouse</title>
            <labels>
                <label name='language' value='javascript'/>
                <label name='framework' value='wdio'/>
                <label name='thread' value='0-0'/>
            </labels>
            <parameters>
                <parameter kind='argument' name='browser' value='Chrome-10.0.19042'/>
            </parameters>
            <steps>
                <step start='1634670971371' status='passed' stop='1634670971371'>
                    <name>Abrir URL</name>
                    <title>Abrir URL</title>
                    <attachments/>
                    <steps/>
                </step>
                <step start='1634670971371' status='passed' stop='1634670971371'>
                    <name>Buscar artículo: Blouse</name>
                    <title>Buscar artículo: Blouse</title>
                    <attachments/>
                    <steps/>
                </step>
                <step start='1634670971371' status='passed' stop='1634670971371'>
                    <name>Obtener texto de la barra de búsqueda</name>
                    <title>Obtener texto de la barra de búsqueda</title>
                    <attachments/>
                    <steps/>
                </step>
            </steps>
            <attachments/>
            <failure>
                <message>expected {} to equal 'Blouse'</message>
                <stack-trace>AssertionError: expected {} to equal 'Blouse'
                    at Context.&lt;anonymous> (C:\Users\Bayron\Desktop\ProyectoFinalTest\tests\automationpractice.test.js:17:56)
                    at Context.executeAsync (C:\Users\Bayron\Desktop\ProyectoFinalTest\node_modules\@wdio\utils\build\shim.js:123:21)
                    at Context.testFrameworkFnWrapper (C:\Users\Bayron\Desktop\ProyectoFinalTest\node_modules\@wdio\utils\build\test-framework\testFnWrapper.js:49:28)</stack-trace>
            </failure>
        </test-case>
        <test-case start='1634670971374' status='broken' stop='1634670971375'>
            <name>Validar Menú</name>
            <title>Validar Menú</title>
            <labels>
                <label name='language' value='javascript'/>
                <label name='framework' value='wdio'/>
                <label name='thread' value='0-0'/>
            </labels>
            <parameters>
                <parameter kind='argument' name='browser' value='Chrome-10.0.19042'/>
            </parameters>
            <steps>
                <step start='1634670971374' status='passed' stop='1634670971374'>
                    <name>Abrir URL</name>
                    <title>Abrir URL</title>
                    <attachments/>
                    <steps/>
                </step>
                <step start='1634670971374' status='passed' stop='1634670971374'>
                    <name>Obtener menú</name>
                    <title>Obtener menú</title>
                    <attachments/>
                    <steps/>
                </step>
            </steps>
            <attachments/>
            <failure>
                <message>$(...).waitForDisplayed is not a function</message>
                <stack-trace>TypeError: $(...).waitForDisplayed is not a function
                    at Context.&lt;anonymous> (C:\Users\Bayron\Desktop\ProyectoFinalTest\tests\automationpractice.test.js:26:30)
                    at Context.executeAsync (C:\Users\Bayron\Desktop\ProyectoFinalTest\node_modules\@wdio\utils\build\shim.js:123:21)
                    at Context.testFrameworkFnWrapper (C:\Users\Bayron\Desktop\ProyectoFinalTest\node_modules\@wdio\utils\build\test-framework\testFnWrapper.js:49:28)</stack-trace>
            </failure>
        </test-case>
        <test-case start='1634670971375' status='broken' stop='1634670971376'>
            <name>Validar direccionamiento Logo</name>
            <title>Validar direccionamiento Logo</title>
            <labels>
                <label name='language' value='javascript'/>
                <label name='framework' value='wdio'/>
                <label name='thread' value='0-0'/>
            </labels>
            <parameters>
                <parameter kind='argument' name='browser' value='Chrome-10.0.19042'/>
            </parameters>
            <steps>
                <step start='1634670971375' status='passed' stop='1634670971375'>
                    <name>Abrir URL</name>
                    <title>Abrir URL</title>
                    <attachments/>
                    <steps/>
                </step>
                <step start='1634670971376' status='passed' stop='1634670971376'>
                    <name>Obtener Logo</name>
                    <title>Obtener Logo</title>
                    <attachments/>
                    <steps/>
                </step>
            </steps>
            <attachments/>
            <failure>
                <message>homePage.logoWeb.waitForExist is not a function</message>
                <stack-trace>TypeError: homePage.logoWeb.waitForExist is not a function
                    at Context.&lt;anonymous> (C:\Users\Bayron\Desktop\ProyectoFinalTest\tests\automationpractice.test.js:40:26)
                    at Context.executeAsync (C:\Users\Bayron\Desktop\ProyectoFinalTest\node_modules\@wdio\utils\build\shim.js:123:21)
                    at Context.testFrameworkFnWrapper (C:\Users\Bayron\Desktop\ProyectoFinalTest\node_modules\@wdio\utils\build\test-framework\testFnWrapper.js:49:28)</stack-trace>
            </failure>
        </test-case>
        <test-case start='1634670971376' status='broken' stop='1634670971377'>
            <name>Validar direccionamiento Cart</name>
            <title>Validar direccionamiento Cart</title>
            <labels>
                <label name='language' value='javascript'/>
                <label name='framework' value='wdio'/>
                <label name='thread' value='0-0'/>
            </labels>
            <parameters>
                <parameter kind='argument' name='browser' value='Chrome-10.0.19042'/>
            </parameters>
            <steps>
                <step start='1634670971376' status='passed' stop='1634670971376'>
                    <name>Abrir URL</name>
                    <title>Abrir URL</title>
                    <attachments/>
                    <steps/>
                </step>
                <step start='1634670971377' status='passed' stop='1634670971377'>
                    <name>Obtener Carro</name>
                    <title>Obtener Carro</title>
                    <attachments/>
                    <steps/>
                </step>
            </steps>
            <attachments/>
            <failure>
                <message>homePage.resultadoCartEmpy.waitForExist is not a function</message>
                <stack-trace>TypeError: homePage.resultadoCartEmpy.waitForExist is not a function
                    at Context.&lt;anonymous> (C:\Users\Bayron\Desktop\ProyectoFinalTest\tests\automationpractice.test.js:49:36)
                    at Context.executeAsync (C:\Users\Bayron\Desktop\ProyectoFinalTest\node_modules\@wdio\utils\build\shim.js:123:21)
                    at Context.testFrameworkFnWrapper (C:\Users\Bayron\Desktop\ProyectoFinalTest\node_modules\@wdio\utils\build\test-framework\testFnWrapper.js:49:28)</stack-trace>
            </failure>
        </test-case>
        <test-case start='1634670971377' status='broken' stop='1634670971378'>
            <name>Validar direccionamiento Cart</name>
            <title>Validar direccionamiento Cart</title>
            <labels>
                <label name='language' value='javascript'/>
                <label name='framework' value='wdio'/>
                <label name='thread' value='0-0'/>
            </labels>
            <parameters>
                <parameter kind='argument' name='browser' value='Chrome-10.0.19042'/>
            </parameters>
            <steps>
                <step start='1634670971377' status='passed' stop='1634670971377'>
                    <name>Abrir URL</name>
                    <title>Abrir URL</title>
                    <attachments/>
                    <steps/>
                </step>
                <step start='1634670971378' status='passed' stop='1634670971378'>
                    <name>Obtener Contact Us</name>
                    <title>Obtener Contact Us</title>
                    <attachments/>
                    <steps/>
                </step>
            </steps>
            <attachments/>
            <failure>
                <message>homePage.dropDownHeading.selectByIndex is not a function</message>
                <stack-trace>TypeError: homePage.dropDownHeading.selectByIndex is not a function
                    at Context.&lt;anonymous> (C:\Users\Bayron\Desktop\ProyectoFinalTest\tests\automationpractice.test.js:58:34)
                    at Context.executeAsync (C:\Users\Bayron\Desktop\ProyectoFinalTest\node_modules\@wdio\utils\build\shim.js:123:21)
                    at Context.testFrameworkFnWrapper (C:\Users\Bayron\Desktop\ProyectoFinalTest\node_modules\@wdio\utils\build\test-framework\testFnWrapper.js:49:28)</stack-trace>
            </failure>
        </test-case>
        <test-case start='1634670971379' status='broken' stop='1634670971379'>
            <name>Comparación de Logo</name>
            <title>Comparación de Logo</title>
            <labels>
                <label name='language' value='javascript'/>
                <label name='framework' value='wdio'/>
                <label name='thread' value='0-0'/>
            </labels>
            <parameters>
                <parameter kind='argument' name='browser' value='Chrome-10.0.19042'/>
            </parameters>
            <steps/>
            <attachments/>
            <failure>
                <message>homePage.logoWeb.waitForDisplayed is not a function</message>
                <stack-trace>TypeError: homePage.logoWeb.waitForDisplayed is not a function
                    at Context.&lt;anonymous> (C:\Users\Bayron\Desktop\ProyectoFinalTest\tests\automationpractice.test.js:69:28)
                    at Context.executeAsync (C:\Users\Bayron\Desktop\ProyectoFinalTest\node_modules\@wdio\utils\build\shim.js:123:21)
                    at Context.testFrameworkFnWrapper (C:\Users\Bayron\Desktop\ProyectoFinalTest\node_modules\@wdio\utils\build\test-framework\testFnWrapper.js:49:28)</stack-trace>
            </failure>
        </test-case>
    </test-cases>
</ns2:test-suite>