<?xml version='1.0'?>
<ns2:test-suite xmlns:ns2='urn:model.allure.qatools.yandex.ru' start='1640702399263' stop='1640702407981'>
    <name>AutomationPractice</name>
    <title>AutomationPractice</title>
    <test-cases>
        <test-case start='1640702399263' status='broken' stop='1640702403194'>
            <name>Buscar Printed Chiffon Dress</name>
            <title>Buscar Printed Chiffon Dress</title>
            <labels>
                <label name='language' value='javascript'/>
                <label name='framework' value='wdio'/>
                <label name='thread' value='0-0'/>
            </labels>
            <parameters>
                <parameter kind='argument' name='browser' value='Chrome-10.0.19044'/>
            </parameters>
            <steps>
                <step start='1640702399267' status='passed' stop='1640702399267'>
                    <name>Abrir URL</name>
                    <title>Abrir URL</title>
                    <attachments/>
                    <steps/>
                </step>
                <step start='1640702403132' status='passed' stop='1640702403132'>
                    <name>Buscar artículo: Printed Chiffon Dress</name>
                    <title>Buscar artículo: Printed Chiffon Dress</title>
                    <attachments/>
                    <steps/>
                </step>
            </steps>
            <attachments/>
            <failure>
                <message>this.barraDeBusqueda.keys is not a function</message>
                <stack-trace>TypeError: this.barraDeBusqueda.keys is not a function
                    at HomePage.buscar (C:\Users\Bayron\Desktop\ProyectoCurso\pages\home.page.js:36:36)
                    at processTicksAndRejections (node:internal/process/task_queues:96:5)
                    at async Context.&lt;anonymous> (C:\Users\Bayron\Desktop\ProyectoCurso\tests\automationpractice.test.js:16:13)
                    at async Context.executeAsync (C:\Users\Bayron\Desktop\ProyectoCurso\node_modules\@wdio\utils\build\shim.js:123:12)
                    at async Context.testFrameworkFnWrapper (C:\Users\Bayron\Desktop\ProyectoCurso\node_modules\@wdio\utils\build\test-framework\testFnWrapper.js:57:14)</stack-trace>
            </failure>
        </test-case>
        <test-case start='1640702403194' status='broken' stop='1640702405445'>
            <name>Buscar Blouse</name>
            <title>Buscar Blouse</title>
            <labels>
                <label name='language' value='javascript'/>
                <label name='framework' value='wdio'/>
                <label name='thread' value='0-0'/>
            </labels>
            <parameters>
                <parameter kind='argument' name='browser' value='Chrome-10.0.19044'/>
            </parameters>
            <steps>
                <step start='1640702403195' status='passed' stop='1640702403195'>
                    <name>Abrir URL</name>
                    <title>Abrir URL</title>
                    <attachments/>
                    <steps/>
                </step>
                <step start='1640702405394' status='passed' stop='1640702405394'>
                    <name>Buscar artículo: Blouse</name>
                    <title>Buscar artículo: Blouse</title>
                    <attachments/>
                    <steps/>
                </step>
            </steps>
            <attachments>
                <attachment title='Screenshot' source='3b57f5df-47d2-4341-8359-8746e0ffa6a6-attachment.png' type='image/png' size='85623'/>
            </attachments>
            <failure>
                <message>this.barraDeBusqueda.keys is not a function</message>
                <stack-trace>TypeError: this.barraDeBusqueda.keys is not a function
                    at HomePage.buscar (C:\Users\Bayron\Desktop\ProyectoCurso\pages\home.page.js:36:36)
                    at processTicksAndRejections (node:internal/process/task_queues:96:5)
                    at async Context.&lt;anonymous> (C:\Users\Bayron\Desktop\ProyectoCurso\tests\automationpractice.test.js:16:13)
                    at async Context.executeAsync (C:\Users\Bayron\Desktop\ProyectoCurso\node_modules\@wdio\utils\build\shim.js:123:12)
                    at async Context.testFrameworkFnWrapper (C:\Users\Bayron\Desktop\ProyectoCurso\node_modules\@wdio\utils\build\test-framework\testFnWrapper.js:57:14)</stack-trace>
            </failure>
        </test-case>
        <test-case start='1640702405445' status='broken' stop='1640702407976'>
            <name>Validar Menú</name>
            <title>Validar Menú</title>
            <labels>
                <label name='language' value='javascript'/>
                <label name='framework' value='wdio'/>
                <label name='thread' value='0-0'/>
            </labels>
            <parameters>
                <parameter kind='argument' name='browser' value='Chrome-10.0.19044'/>
            </parameters>
            <steps>
                <step start='1640702405446' status='passed' stop='1640702405446'>
                    <name>Abrir URL</name>
                    <title>Abrir URL</title>
                    <attachments/>
                    <steps/>
                </step>
                <step start='1640702407941' status='passed' stop='1640702407941'>
                    <name>Obtener menú</name>
                    <title>Obtener menú</title>
                    <attachments/>
                    <steps/>
                </step>
            </steps>
            <attachments>
                <attachment title='Screenshot' source='08823e41-9557-4ecc-a9f8-410d5e83f7ea-attachment.png' type='image/png' size='1567730'/>
            </attachments>
            <failure>
                <message>homePage.menu.waitForDisplayed is not a function</message>
                <stack-trace>TypeError: homePage.menu.waitForDisplayed is not a function
                    at Context.&lt;anonymous> (C:\Users\Bayron\Desktop\ProyectoCurso\tests\automationpractice.test.js:26:23)
                    at processTicksAndRejections (node:internal/process/task_queues:96:5)
                    at async Context.executeAsync (C:\Users\Bayron\Desktop\ProyectoCurso\node_modules\@wdio\utils\build\shim.js:123:12)
                    at async Context.testFrameworkFnWrapper (C:\Users\Bayron\Desktop\ProyectoCurso\node_modules\@wdio\utils\build\test-framework\testFnWrapper.js:57:14)</stack-trace>
            </failure>
        </test-case>
        <test-case start='1640702407977' status='broken' stop='1640702407978'>
            <name>Validar direccionamiento Logo</name>
            <title>Validar direccionamiento Logo</title>
            <labels>
                <label name='language' value='javascript'/>
                <label name='framework' value='wdio'/>
                <label name='thread' value='0-0'/>
            </labels>
            <parameters>
                <parameter kind='argument' name='browser' value='Chrome-10.0.19044'/>
            </parameters>
            <steps>
                <step start='1640702407977' status='passed' stop='1640702407977'>
                    <name>Abrir URL</name>
                    <title>Abrir URL</title>
                    <attachments/>
                    <steps/>
                </step>
                <step start='1640702407977' status='passed' stop='1640702407977'>
                    <name>Obtener Logo</name>
                    <title>Obtener Logo</title>
                    <attachments/>
                    <steps/>
                </step>
            </steps>
            <attachments/>
            <failure>
                <message>homePage.logoWeb.waitForExist is not a function</message>
                <stack-trace>TypeError: homePage.logoWeb.waitForExist is not a function
                    at Context.&lt;anonymous> (C:\Users\Bayron\Desktop\ProyectoCurso\tests\automationpractice.test.js:40:26)
                    at Context.executeAsync (C:\Users\Bayron\Desktop\ProyectoCurso\node_modules\@wdio\utils\build\shim.js:123:21)
                    at Context.testFrameworkFnWrapper (C:\Users\Bayron\Desktop\ProyectoCurso\node_modules\@wdio\utils\build\test-framework\testFnWrapper.js:49:28)</stack-trace>
            </failure>
        </test-case>
        <test-case start='1640702407979' status='broken' stop='1640702407979'>
            <name>Validar empty Cart</name>
            <title>Validar empty Cart</title>
            <labels>
                <label name='language' value='javascript'/>
                <label name='framework' value='wdio'/>
                <label name='thread' value='0-0'/>
            </labels>
            <parameters>
                <parameter kind='argument' name='browser' value='Chrome-10.0.19044'/>
            </parameters>
            <steps>
                <step start='1640702407979' status='passed' stop='1640702407979'>
                    <name>Abrir URL</name>
                    <title>Abrir URL</title>
                    <attachments/>
                    <steps/>
                </step>
                <step start='1640702407979' status='passed' stop='1640702407979'>
                    <name>Obtener Carro</name>
                    <title>Obtener Carro</title>
                    <attachments/>
                    <steps/>
                </step>
            </steps>
            <attachments/>
            <failure>
                <message>homePage.resultadoCartEmpy.waitForExist is not a function</message>
                <stack-trace>TypeError: homePage.resultadoCartEmpy.waitForExist is not a function
                    at Context.&lt;anonymous> (C:\Users\Bayron\Desktop\ProyectoCurso\tests\automationpractice.test.js:49:36)
                    at Context.executeAsync (C:\Users\Bayron\Desktop\ProyectoCurso\node_modules\@wdio\utils\build\shim.js:123:21)
                    at Context.testFrameworkFnWrapper (C:\Users\Bayron\Desktop\ProyectoCurso\node_modules\@wdio\utils\build\test-framework\testFnWrapper.js:49:28)</stack-trace>
            </failure>
        </test-case>
        <test-case start='1640702407980' status='broken' stop='1640702407980'>
            <name>Validar mensaje</name>
            <title>Validar mensaje</title>
            <labels>
                <label name='language' value='javascript'/>
                <label name='framework' value='wdio'/>
                <label name='thread' value='0-0'/>
            </labels>
            <parameters>
                <parameter kind='argument' name='browser' value='Chrome-10.0.19044'/>
            </parameters>
            <steps>
                <step start='1640702407980' status='passed' stop='1640702407980'>
                    <name>Abrir URL</name>
                    <title>Abrir URL</title>
                    <attachments/>
                    <steps/>
                </step>
                <step start='1640702407980' status='passed' stop='1640702407980'>
                    <name>Obtener Contact Us</name>
                    <title>Obtener Contact Us</title>
                    <attachments/>
                    <steps/>
                </step>
            </steps>
            <attachments/>
            <failure>
                <message>homePage.dropDownHeading.selectByIndex is not a function</message>
                <stack-trace>TypeError: homePage.dropDownHeading.selectByIndex is not a function
                    at Context.&lt;anonymous> (C:\Users\Bayron\Desktop\ProyectoCurso\tests\automationpractice.test.js:58:34)
                    at Context.executeAsync (C:\Users\Bayron\Desktop\ProyectoCurso\node_modules\@wdio\utils\build\shim.js:123:21)
                    at Context.testFrameworkFnWrapper (C:\Users\Bayron\Desktop\ProyectoCurso\node_modules\@wdio\utils\build\test-framework\testFnWrapper.js:49:28)</stack-trace>
            </failure>
        </test-case>
        <test-case start='1640702407980' status='broken' stop='1640702407981'>
            <name>Comparación de Logo</name>
            <title>Comparación de Logo</title>
            <labels>
                <label name='language' value='javascript'/>
                <label name='framework' value='wdio'/>
                <label name='thread' value='0-0'/>
            </labels>
            <parameters>
                <parameter kind='argument' name='browser' value='Chrome-10.0.19044'/>
            </parameters>
            <steps/>
            <attachments/>
            <failure>
                <message>homePage.logoWeb.waitForDisplayed is not a function</message>
                <stack-trace>TypeError: homePage.logoWeb.waitForDisplayed is not a function
                    at Context.&lt;anonymous> (C:\Users\Bayron\Desktop\ProyectoCurso\tests\automationpractice.test.js:69:26)
                    at Context.executeAsync (C:\Users\Bayron\Desktop\ProyectoCurso\node_modules\@wdio\utils\build\shim.js:123:21)
                    at Context.testFrameworkFnWrapper (C:\Users\Bayron\Desktop\ProyectoCurso\node_modules\@wdio\utils\build\test-framework\testFnWrapper.js:49:28)</stack-trace>
            </failure>
        </test-case>
    </test-cases>
</ns2:test-suite>