<?xml version='1.0'?>
<ns2:test-suite xmlns:ns2='urn:model.allure.qatools.yandex.ru' start='1598303707847' stop='1598303729815'>
    <name>AutomationPractice</name>
    <title>AutomationPractice</title>
    <test-cases>
        <test-case start='1598303707847' status='failed' stop='1598303729814'>
            <name>Validar direccionamiento Cart</name>
            <title>Validar direccionamiento Cart</title>
            <labels>
                <label name='language' value='javascript'/>
                <label name='framework' value='wdio'/>
                <label name='thread' value='0-0'/>
            </labels>
            <parameters>
                <parameter kind='argument' name='browser' value='chrome'/>
            </parameters>
            <steps>
                <step start='1598303707849' status='passed' stop='1598303707849'>
                    <name>Abrir URL</name>
                    <title>Abrir URL</title>
                    <attachments/>
                    <steps/>
                </step>
                <step start='1598303711910' status='passed' stop='1598303711910'>
                    <name>Obtener Contact Us</name>
                    <title>Obtener Contact Us</title>
                    <attachments/>
                    <steps/>
                </step>
                <step start='1598303722604' status='passed' stop='1598303722604'>
                    <name>Escribir Email</name>
                    <title>Escribir Email</title>
                    <attachments/>
                    <steps/>
                </step>
            </steps>
            <attachments>
                <attachment title='Screenshot' source='b7e0d19e-95fd-4ad1-b065-bcc6cb4c3a7c-attachment.png' type='image/png' size='181025'/>
            </attachments>
            <failure>
                <message>expected 'There is 1 error\nThe message cannot be blank.' to equal 'There is 1 error\n\nThe message cannot be blank.'</message>
                <stack-trace>AssertionError: expected 'There is 1 error\nThe message cannot be blank.' to equal 'There is 1 error\n\nThe message cannot be blank.'
                    at Context.&lt;anonymous> (C:\Users\cecil\Desktop\ProyectoFinalTest\tests\automationpractice.test.js:57:54)
                    at Context.executeSync (C:\Users\cecil\Desktop\ProyectoFinalTest\node_modules\@wdio\sync\build\index.js:56:18)
                    at C:\Users\cecil\Desktop\ProyectoFinalTest\node_modules\@wdio\sync\build\index.js:82:70</stack-trace>
            </failure>
        </test-case>
    </test-cases>
</ns2:test-suite>