<?xml version='1.0'?>
<ns2:test-suite xmlns:ns2='urn:model.allure.qatools.yandex.ru' start='1598234800366' stop='1598234811883'>
    <name>AutomationPractice</name>
    <title>AutomationPractice</title>
    <test-cases>
        <test-case start='1598234800366' status='passed' stop='1598234808366'>
            <name>Buscar Printed Chiffon Dress</name>
            <title>Buscar Printed Chiffon Dress</title>
            <labels>
                <label name='language' value='javascript'/>
                <label name='framework' value='wdio'/>
                <label name='thread' value='0-0'/>
            </labels>
            <parameters>
                <parameter kind='argument' name='browser' value='Chrome-10.0.18363'/>
            </parameters>
            <steps>
                <step start='1598234800368' status='passed' stop='1598234800368'>
                    <name>Abrir URL</name>
                    <title>Abrir URL</title>
                    <attachments/>
                    <steps/>
                </step>
                <step start='1598234807148' status='passed' stop='1598234807149'>
                    <name>Buscar artículo: Printed Chiffon Dress</name>
                    <title>Buscar artículo: Printed Chiffon Dress</title>
                    <attachments/>
                    <steps/>
                </step>
                <step start='1598234808337' status='passed' stop='1598234808337'>
                    <name>Obtener texto de la barra de búsqueda</name>
                    <title>Obtener texto de la barra de búsqueda</title>
                    <attachments/>
                    <steps/>
                </step>
                <step start='1598234808354' status='passed' stop='1598234808354'>
                    <name>Obtener resultado</name>
                    <title>Obtener resultado</title>
                    <attachments/>
                    <steps/>
                </step>
            </steps>
            <attachments/>
        </test-case>
        <test-case start='1598234808366' status='failed' stop='1598234811882'>
            <name>Buscar Blouse</name>
            <title>Buscar Blouse</title>
            <labels>
                <label name='language' value='javascript'/>
                <label name='framework' value='wdio'/>
                <label name='thread' value='0-0'/>
            </labels>
            <parameters>
                <parameter kind='argument' name='browser' value='Chrome-10.0.18363'/>
            </parameters>
            <steps>
                <step start='1598234808366' status='passed' stop='1598234808366'>
                    <name>Abrir URL</name>
                    <title>Abrir URL</title>
                    <attachments/>
                    <steps/>
                </step>
                <step start='1598234809966' status='passed' stop='1598234809966'>
                    <name>Buscar artículo: Blouse</name>
                    <title>Buscar artículo: Blouse</title>
                    <attachments/>
                    <steps/>
                </step>
                <step start='1598234810962' status='passed' stop='1598234810962'>
                    <name>Obtener texto de la barra de búsqueda</name>
                    <title>Obtener texto de la barra de búsqueda</title>
                    <attachments/>
                    <steps/>
                </step>
                <step start='1598234810973' status='passed' stop='1598234810973'>
                    <name>Obtener resultado</name>
                    <title>Obtener resultado</title>
                    <attachments/>
                    <steps/>
                </step>
            </steps>
            <attachments>
                <attachment title='Screenshot' source='565ae623-6dd4-4682-9254-44eccd6eeaa1-attachment.png' type='image/png' size='472092'/>
            </attachments>
            <failure>
                <message>expected 'Printed Chiffon Dress' to equal 'Blouse'</message>
                <stack-trace>AssertionError: expected 'Printed Chiffon Dress' to equal 'Blouse'
                    at Context.&lt;anonymous> (C:\Users\cecil\Desktop\ProyectoFinalTest\tests\automationpractice.test.js:16:62)
                    at Context.executeSync (C:\Users\cecil\Desktop\ProyectoFinalTest\node_modules\@wdio\sync\build\index.js:56:18)
                    at C:\Users\cecil\Desktop\ProyectoFinalTest\node_modules\@wdio\sync\build\index.js:82:70</stack-trace>
            </failure>
        </test-case>
    </test-cases>
</ns2:test-suite>