<?xml version='1.0'?>
<ns2:test-suite xmlns:ns2='urn:model.allure.qatools.yandex.ru' start='1598238636901' stop='1598238649193'>
    <name>AutomationPractice</name>
    <title>AutomationPractice</title>
    <test-cases>
        <test-case start='1598238636902' status='failed' stop='1598238649191'>
            <name>Validar direccionamiento Cart</name>
            <title>Validar direccionamiento Cart</title>
            <labels>
                <label name='language' value='javascript'/>
                <label name='framework' value='wdio'/>
                <label name='thread' value='0-0'/>
            </labels>
            <parameters>
                <parameter kind='argument' name='browser' value='Chrome-10.0.18363'/>
            </parameters>
            <steps>
                <step start='1598238636903' status='passed' stop='1598238636903'>
                    <name>Abrir URL</name>
                    <title>Abrir URL</title>
                    <attachments/>
                    <steps/>
                </step>
            </steps>
            <attachments>
                <attachment title='Screenshot' source='6768675d-fc81-4628-a826-e61d0e0f6818-attachment.png' type='image/png' size='168259'/>
            </attachments>
            <failure>
                <message>expected 'Your shopping cart is empty.' to equal 'Your shopping cart is empty'</message>
                <stack-trace>AssertionError: expected 'Your shopping cart is empty.' to equal 'Your shopping cart is empty'
                    at Context.&lt;anonymous> (C:\Users\cecil\Desktop\ProyectoFinalTest\tests\automationpractice.test.js:42:48)
                    at Context.executeSync (C:\Users\cecil\Desktop\ProyectoFinalTest\node_modules\@wdio\sync\build\index.js:56:18)
                    at C:\Users\cecil\Desktop\ProyectoFinalTest\node_modules\@wdio\sync\build\index.js:82:70</stack-trace>
            </failure>
        </test-case>
    </test-cases>
</ns2:test-suite>