<?xml version='1.0'?>
<ns2:test-suite xmlns:ns2='urn:model.allure.qatools.yandex.ru' start='1640702592312' stop='1640702599351'>
    <name>AutomationPractice</name>
    <title>AutomationPractice</title>
    <test-cases>
        <test-case start='1640702592312' status='broken' stop='1640702596381'>
            <name>Buscar Printed Chiffon Dress</name>
            <title>Buscar Printed Chiffon Dress</title>
            <labels>
                <label name='language' value='javascript'/>
                <label name='framework' value='wdio'/>
                <label name='thread' value='0-0'/>
            </labels>
            <parameters>
                <parameter kind='argument' name='browser' value='Chrome-10.0.19044'/>
            </parameters>
            <steps>
                <step start='1640702592315' status='passed' stop='1640702592315'>
                    <name>Abrir URL</name>
                    <title>Abrir URL</title>
                    <attachments/>
                    <steps/>
                </step>
                <step start='1640702596319' status='passed' stop='1640702596319'>
                    <name>Buscar artículo: Printed Chiffon Dress</name>
                    <title>Buscar artículo: Printed Chiffon Dress</title>
                    <attachments/>
                    <steps/>
                </step>
            </steps>
            <attachments/>
            <failure>
                <message>this.barraDeBusqueda.keys is not a function</message>
                <stack-trace>TypeError: this.barraDeBusqueda.keys is not a function
                    at HomePage.buscar (C:\Users\Bayron\Desktop\ProyectoCurso\pages\home.page.js:36:36)
                    at processTicksAndRejections (node:internal/process/task_queues:96:5)
                    at async Context.&lt;anonymous> (C:\Users\Bayron\Desktop\ProyectoCurso\tests\automationpractice.test.js:16:13)
                    at async Context.executeAsync (C:\Users\Bayron\Desktop\ProyectoCurso\node_modules\@wdio\utils\build\shim.js:123:12)
                    at async Context.testFrameworkFnWrapper (C:\Users\Bayron\Desktop\ProyectoCurso\node_modules\@wdio\utils\build\test-framework\testFnWrapper.js:57:14)</stack-trace>
            </failure>
        </test-case>
        <test-case start='1640702596382' status='broken' stop='1640702599351'>
            <name>Buscar Blouse</name>
            <title>Buscar Blouse</title>
            <labels>
                <label name='language' value='javascript'/>
                <label name='framework' value='wdio'/>
                <label name='thread' value='0-0'/>
            </labels>
            <parameters>
                <parameter kind='argument' name='browser' value='Chrome-10.0.19044'/>
            </parameters>
            <steps>
                <step start='1640702596383' status='passed' stop='1640702596383'>
                    <name>Abrir URL</name>
                    <title>Abrir URL</title>
                    <attachments/>
                    <steps/>
                </step>
                <step start='1640702599299' status='passed' stop='1640702599299'>
                    <name>Buscar artículo: Blouse</name>
                    <title>Buscar artículo: Blouse</title>
                    <attachments/>
                    <steps/>
                </step>
            </steps>
            <attachments>
                <attachment title='Screenshot' source='c8be32f8-2b05-450b-874e-9537a48cdb6b-attachment.png' type='image/png' size='1533714'/>
            </attachments>
            <failure>
                <message>this.barraDeBusqueda.keys is not a function</message>
                <stack-trace>TypeError: this.barraDeBusqueda.keys is not a function
                    at HomePage.buscar (C:\Users\Bayron\Desktop\ProyectoCurso\pages\home.page.js:36:36)
                    at processTicksAndRejections (node:internal/process/task_queues:96:5)
                    at async Context.&lt;anonymous> (C:\Users\Bayron\Desktop\ProyectoCurso\tests\automationpractice.test.js:16:13)
                    at async Context.executeAsync (C:\Users\Bayron\Desktop\ProyectoCurso\node_modules\@wdio\utils\build\shim.js:123:12)
                    at async Context.testFrameworkFnWrapper (C:\Users\Bayron\Desktop\ProyectoCurso\node_modules\@wdio\utils\build\test-framework\testFnWrapper.js:57:14)</stack-trace>
            </failure>
        </test-case>
    </test-cases>
</ns2:test-suite>