<?xml version='1.0'?>
<ns2:test-suite xmlns:ns2='urn:model.allure.qatools.yandex.ru' start='1598238131722' stop='1598238143899'>
    <name>AutomationPractice</name>
    <title>AutomationPractice</title>
    <test-cases>
        <test-case start='1598238131722' status='failed' stop='1598238143898'>
            <name>Validar direccionamiento Cart</name>
            <title>Validar direccionamiento Cart</title>
            <labels>
                <label name='language' value='javascript'/>
                <label name='framework' value='wdio'/>
                <label name='thread' value='0-0'/>
            </labels>
            <parameters>
                <parameter kind='argument' name='browser' value='Chrome-10.0.18363'/>
            </parameters>
            <steps>
                <step start='1598238131724' status='passed' stop='1598238131724'>
                    <name>Abrir URL</name>
                    <title>Abrir URL</title>
                    <attachments/>
                    <steps/>
                </step>
            </steps>
            <attachments>
                <attachment title='Screenshot' source='fdad057b-c800-4275-9965-491c06728f27-attachment.png' type='image/png' size='168259'/>
            </attachments>
            <failure>
                <message>expected { Object (sessionId, elementId, ...) } to equal 'Your shopping cart is empty'</message>
                <stack-trace>AssertionError: expected { Object (sessionId, elementId, ...) } to equal 'Your shopping cart is empty'
                    at Context.&lt;anonymous> (C:\Users\cecil\Desktop\ProyectoFinalTest\tests\automationpractice.test.js:42:38)
                    at Context.executeSync (C:\Users\cecil\Desktop\ProyectoFinalTest\node_modules\@wdio\sync\build\index.js:56:18)
                    at C:\Users\cecil\Desktop\ProyectoFinalTest\node_modules\@wdio\sync\build\index.js:82:70</stack-trace>
            </failure>
        </test-case>
    </test-cases>
</ns2:test-suite>