<?xml version='1.0'?>
<ns2:test-suite xmlns:ns2='urn:model.allure.qatools.yandex.ru' start='1597940631100' stop='1597940642777'>
    <name>AutomationPractice</name>
    <title>AutomationPractice</title>
    <test-cases>
        <test-case start='1597940631101' status='broken' stop='1597940639268'>
            <name>Buscar Printed Chiffon Dress</name>
            <title>Buscar Printed Chiffon Dress</title>
            <labels>
                <label name='language' value='javascript'/>
                <label name='framework' value='wdio'/>
                <label name='thread' value='0-0'/>
            </labels>
            <parameters>
                <parameter kind='argument' name='browser' value='Chrome-10.0.18363'/>
            </parameters>
            <steps>
                <step start='1597940631102' status='passed' stop='1597940631103'>
                    <name>Abrir URL</name>
                    <title>Abrir URL</title>
                    <attachments/>
                    <steps/>
                </step>
            </steps>
            <attachments>
                <attachment title='Screenshot' source='b7404b5e-5ee3-4231-ab9f-91f3926f0252-attachment.png' type='image/png' size='2219919'/>
            </attachments>
            <failure>
                <message>DATA is not defined</message>
                <stack-trace>ReferenceError: DATA is not defined
                    at Context.&lt;anonymous> (C:\Users\cecil\Desktop\ProyectoFinalTest\tests\automationpractice.test.js:12:29)
                    at Context.executeSync (C:\Users\cecil\Desktop\ProyectoFinalTest\node_modules\@wdio\sync\build\index.js:56:18)
                    at C:\Users\cecil\Desktop\ProyectoFinalTest\node_modules\@wdio\sync\build\index.js:82:70</stack-trace>
            </failure>
        </test-case>
        <test-case start='1597940639268' status='broken' stop='1597940642776'>
            <name>Buscar Blouse</name>
            <title>Buscar Blouse</title>
            <labels>
                <label name='language' value='javascript'/>
                <label name='framework' value='wdio'/>
                <label name='thread' value='0-0'/>
            </labels>
            <parameters>
                <parameter kind='argument' name='browser' value='Chrome-10.0.18363'/>
            </parameters>
            <steps>
                <step start='1597940639268' status='passed' stop='1597940639268'>
                    <name>Abrir URL</name>
                    <title>Abrir URL</title>
                    <attachments/>
                    <steps/>
                </step>
            </steps>
            <attachments>
                <attachment title='Screenshot' source='ce5ff9f5-7f96-4099-a06e-b8a078163498-attachment.png' type='image/png' size='2309239'/>
            </attachments>
            <failure>
                <message>DATA is not defined</message>
                <stack-trace>ReferenceError: DATA is not defined
                    at Context.&lt;anonymous> (C:\Users\cecil\Desktop\ProyectoFinalTest\tests\automationpractice.test.js:12:29)
                    at Context.executeSync (C:\Users\cecil\Desktop\ProyectoFinalTest\node_modules\@wdio\sync\build\index.js:56:18)
                    at C:\Users\cecil\Desktop\ProyectoFinalTest\node_modules\@wdio\sync\build\index.js:82:70</stack-trace>
            </failure>
        </test-case>
    </test-cases>
</ns2:test-suite>