<?xml version='1.0'?>
<ns2:test-suite xmlns:ns2='urn:model.allure.qatools.yandex.ru' start='1637678973573' stop='1637678985179'>
    <name>AutomationPractice</name>
    <title>AutomationPractice</title>
    <test-cases>
        <test-case start='1637678973573' status='broken' stop='1637678978617'>
            <name>Buscar Printed Chiffon Dress</name>
            <title>Buscar Printed Chiffon Dress</title>
            <labels>
                <label name='language' value='javascript'/>
                <label name='framework' value='wdio'/>
                <label name='thread' value='0-0'/>
            </labels>
            <parameters>
                <parameter kind='argument' name='browser' value='Chrome-10.0.19042'/>
            </parameters>
            <steps>
                <step start='1637678973576' status='passed' stop='1637678973576'>
                    <name>Abrir URL</name>
                    <title>Abrir URL</title>
                    <attachments/>
                    <steps/>
                </step>
                <step start='1637678978560' status='passed' stop='1637678978560'>
                    <name>Buscar artículo: Printed Chiffon Dress</name>
                    <title>Buscar artículo: Printed Chiffon Dress</title>
                    <attachments/>
                    <steps/>
                </step>
            </steps>
            <attachments/>
            <failure>
                <message>this.barraDeBusqueda.keys is not a function</message>
                <stack-trace>TypeError: this.barraDeBusqueda.keys is not a function
                    at HomePage.buscar (C:\Users\Bayron\Documents\ProyectoCurso\pages\home.page.js:36:36)
                    at processTicksAndRejections (internal/process/task_queues.js:93:5)
                    at async Context.&lt;anonymous> (C:\Users\Bayron\Documents\ProyectoCurso\tests\automationpractice.test.js:16:13)
                    at async Context.executeAsync (C:\Users\Bayron\Documents\ProyectoCurso\node_modules\@wdio\utils\build\shim.js:123:12)
                    at async Context.testFrameworkFnWrapper (C:\Users\Bayron\Documents\ProyectoCurso\node_modules\@wdio\utils\build\test-framework\testFnWrapper.js:57:14)</stack-trace>
            </failure>
        </test-case>
        <test-case start='1637678978618' status='broken' stop='1637678981529'>
            <name>Buscar Blouse</name>
            <title>Buscar Blouse</title>
            <labels>
                <label name='language' value='javascript'/>
                <label name='framework' value='wdio'/>
                <label name='thread' value='0-0'/>
            </labels>
            <parameters>
                <parameter kind='argument' name='browser' value='Chrome-10.0.19042'/>
            </parameters>
            <steps>
                <step start='1637678978618' status='passed' stop='1637678978618'>
                    <name>Abrir URL</name>
                    <title>Abrir URL</title>
                    <attachments/>
                    <steps/>
                </step>
                <step start='1637678981474' status='passed' stop='1637678981474'>
                    <name>Buscar artículo: Blouse</name>
                    <title>Buscar artículo: Blouse</title>
                    <attachments/>
                    <steps/>
                </step>
            </steps>
            <attachments>
                <attachment title='Screenshot' source='adc9a245-332f-4e07-ab5f-e0140fec2720-attachment.png' type='image/png' size='1535007'/>
            </attachments>
            <failure>
                <message>this.barraDeBusqueda.keys is not a function</message>
                <stack-trace>TypeError: this.barraDeBusqueda.keys is not a function
                    at HomePage.buscar (C:\Users\Bayron\Documents\ProyectoCurso\pages\home.page.js:36:36)
                    at processTicksAndRejections (internal/process/task_queues.js:93:5)
                    at async Context.&lt;anonymous> (C:\Users\Bayron\Documents\ProyectoCurso\tests\automationpractice.test.js:16:13)
                    at async Context.executeAsync (C:\Users\Bayron\Documents\ProyectoCurso\node_modules\@wdio\utils\build\shim.js:123:12)
                    at async Context.testFrameworkFnWrapper (C:\Users\Bayron\Documents\ProyectoCurso\node_modules\@wdio\utils\build\test-framework\testFnWrapper.js:57:14)</stack-trace>
            </failure>
        </test-case>
        <test-case start='1637678981530' status='broken' stop='1637678985173'>
            <name>Validar Menú</name>
            <title>Validar Menú</title>
            <labels>
                <label name='language' value='javascript'/>
                <label name='framework' value='wdio'/>
                <label name='thread' value='0-0'/>
            </labels>
            <parameters>
                <parameter kind='argument' name='browser' value='Chrome-10.0.19042'/>
            </parameters>
            <steps>
                <step start='1637678981531' status='passed' stop='1637678981531'>
                    <name>Abrir URL</name>
                    <title>Abrir URL</title>
                    <attachments/>
                    <steps/>
                </step>
                <step start='1637678985141' status='passed' stop='1637678985141'>
                    <name>Obtener menú</name>
                    <title>Obtener menú</title>
                    <attachments/>
                    <steps/>
                </step>
            </steps>
            <attachments>
                <attachment title='Screenshot' source='4e984e23-6936-404a-89b6-3559850de452-attachment.png' type='image/png' size='1567902'/>
            </attachments>
            <failure>
                <message>homePage.menu.waitForDisplayed is not a function</message>
                <stack-trace>TypeError: homePage.menu.waitForDisplayed is not a function
                    at Context.&lt;anonymous> (C:\Users\Bayron\Documents\ProyectoCurso\tests\automationpractice.test.js:26:23)
                    at processTicksAndRejections (internal/process/task_queues.js:93:5)
                    at async Context.executeAsync (C:\Users\Bayron\Documents\ProyectoCurso\node_modules\@wdio\utils\build\shim.js:123:12)
                    at async Context.testFrameworkFnWrapper (C:\Users\Bayron\Documents\ProyectoCurso\node_modules\@wdio\utils\build\test-framework\testFnWrapper.js:57:14)</stack-trace>
            </failure>
        </test-case>
        <test-case start='1637678985174' status='broken' stop='1637678985175'>
            <name>Validar direccionamiento Logo</name>
            <title>Validar direccionamiento Logo</title>
            <labels>
                <label name='language' value='javascript'/>
                <label name='framework' value='wdio'/>
                <label name='thread' value='0-0'/>
            </labels>
            <parameters>
                <parameter kind='argument' name='browser' value='Chrome-10.0.19042'/>
            </parameters>
            <steps>
                <step start='1637678985174' status='passed' stop='1637678985174'>
                    <name>Abrir URL</name>
                    <title>Abrir URL</title>
                    <attachments/>
                    <steps/>
                </step>
                <step start='1637678985174' status='passed' stop='1637678985174'>
                    <name>Obtener Logo</name>
                    <title>Obtener Logo</title>
                    <attachments/>
                    <steps/>
                </step>
            </steps>
            <attachments/>
            <failure>
                <message>homePage.logoWeb.waitForExist is not a function</message>
                <stack-trace>TypeError: homePage.logoWeb.waitForExist is not a function
                    at Context.&lt;anonymous> (C:\Users\Bayron\Documents\ProyectoCurso\tests\automationpractice.test.js:40:26)
                    at Context.executeAsync (C:\Users\Bayron\Documents\ProyectoCurso\node_modules\@wdio\utils\build\shim.js:123:21)
                    at Context.testFrameworkFnWrapper (C:\Users\Bayron\Documents\ProyectoCurso\node_modules\@wdio\utils\build\test-framework\testFnWrapper.js:49:28)</stack-trace>
            </failure>
        </test-case>
        <test-case start='1637678985175' status='broken' stop='1637678985176'>
            <name>Validar empty Cart</name>
            <title>Validar empty Cart</title>
            <labels>
                <label name='language' value='javascript'/>
                <label name='framework' value='wdio'/>
                <label name='thread' value='0-0'/>
            </labels>
            <parameters>
                <parameter kind='argument' name='browser' value='Chrome-10.0.19042'/>
            </parameters>
            <steps>
                <step start='1637678985175' status='passed' stop='1637678985175'>
                    <name>Abrir URL</name>
                    <title>Abrir URL</title>
                    <attachments/>
                    <steps/>
                </step>
                <step start='1637678985175' status='passed' stop='1637678985175'>
                    <name>Obtener Carro</name>
                    <title>Obtener Carro</title>
                    <attachments/>
                    <steps/>
                </step>
            </steps>
            <attachments/>
            <failure>
                <message>homePage.resultadoCartEmpy.waitForExist is not a function</message>
                <stack-trace>TypeError: homePage.resultadoCartEmpy.waitForExist is not a function
                    at Context.&lt;anonymous> (C:\Users\Bayron\Documents\ProyectoCurso\tests\automationpractice.test.js:49:36)
                    at Context.executeAsync (C:\Users\Bayron\Documents\ProyectoCurso\node_modules\@wdio\utils\build\shim.js:123:21)
                    at Context.testFrameworkFnWrapper (C:\Users\Bayron\Documents\ProyectoCurso\node_modules\@wdio\utils\build\test-framework\testFnWrapper.js:49:28)</stack-trace>
            </failure>
        </test-case>
        <test-case start='1637678985176' status='broken' stop='1637678985177'>
            <name>Validar mensaje</name>
            <title>Validar mensaje</title>
            <labels>
                <label name='language' value='javascript'/>
                <label name='framework' value='wdio'/>
                <label name='thread' value='0-0'/>
            </labels>
            <parameters>
                <parameter kind='argument' name='browser' value='Chrome-10.0.19042'/>
            </parameters>
            <steps>
                <step start='1637678985176' status='passed' stop='1637678985176'>
                    <name>Abrir URL</name>
                    <title>Abrir URL</title>
                    <attachments/>
                    <steps/>
                </step>
                <step start='1637678985176' status='passed' stop='1637678985176'>
                    <name>Obtener Contact Us</name>
                    <title>Obtener Contact Us</title>
                    <attachments/>
                    <steps/>
                </step>
            </steps>
            <attachments/>
            <failure>
                <message>homePage.dropDownHeading.selectByIndex is not a function</message>
                <stack-trace>TypeError: homePage.dropDownHeading.selectByIndex is not a function
                    at Context.&lt;anonymous> (C:\Users\Bayron\Documents\ProyectoCurso\tests\automationpractice.test.js:58:34)
                    at Context.executeAsync (C:\Users\Bayron\Documents\ProyectoCurso\node_modules\@wdio\utils\build\shim.js:123:21)
                    at Context.testFrameworkFnWrapper (C:\Users\Bayron\Documents\ProyectoCurso\node_modules\@wdio\utils\build\test-framework\testFnWrapper.js:49:28)</stack-trace>
            </failure>
        </test-case>
        <test-case start='1637678985177' status='broken' stop='1637678985178'>
            <name>Comparación de Logo</name>
            <title>Comparación de Logo</title>
            <labels>
                <label name='language' value='javascript'/>
                <label name='framework' value='wdio'/>
                <label name='thread' value='0-0'/>
            </labels>
            <parameters>
                <parameter kind='argument' name='browser' value='Chrome-10.0.19042'/>
            </parameters>
            <steps/>
            <attachments/>
            <failure>
                <message>homePage.logoWeb.waitForDisplayed is not a function</message>
                <stack-trace>TypeError: homePage.logoWeb.waitForDisplayed is not a function
                    at Context.&lt;anonymous> (C:\Users\Bayron\Documents\ProyectoCurso\tests\automationpractice.test.js:69:26)
                    at Context.executeAsync (C:\Users\Bayron\Documents\ProyectoCurso\node_modules\@wdio\utils\build\shim.js:123:21)
                    at Context.testFrameworkFnWrapper (C:\Users\Bayron\Documents\ProyectoCurso\node_modules\@wdio\utils\build\test-framework\testFnWrapper.js:49:28)</stack-trace>
            </failure>
        </test-case>
    </test-cases>
</ns2:test-suite>