<?xml version='1.0'?>
<ns2:test-suite xmlns:ns2='urn:model.allure.qatools.yandex.ru' start='1634669317038' stop='1634669317056'>
    <name>AutomationPractice</name>
    <title>AutomationPractice</title>
    <test-cases>
        <test-case start='1634669317038' status='broken' stop='1634669317041'>
            <name>Buscar Printed Chiffon Dress</name>
            <title>Buscar Printed Chiffon Dress</title>
            <labels>
                <label name='language' value='javascript'/>
                <label name='framework' value='wdio'/>
                <label name='thread' value='0-0'/>
            </labels>
            <parameters>
                <parameter kind='argument' name='browser' value='Chrome-10.0.19042'/>
            </parameters>
            <steps>
                <step start='1634669317040' status='passed' stop='1634669317040'>
                    <name>Abrir URL</name>
                    <title>Abrir URL</title>
                    <attachments/>
                    <steps/>
                </step>
                <step start='1634669317040' status='passed' stop='1634669317040'>
                    <name>Buscar artículo: Printed Chiffon Dress</name>
                    <title>Buscar artículo: Printed Chiffon Dress</title>
                    <attachments/>
                    <steps/>
                </step>
            </steps>
            <attachments/>
            <failure>
                <message>elemento.waitForClickable is not a function</message>
                <stack-trace>TypeError: elemento.waitForClickable is not a function
                    at BasePage.clearAndSendKeys (C:\Users\Bayron\Desktop\ProyectoFinalTest\pages\base.page.js:32:17)
                    at HomePage.buscar (C:\Users\Bayron\Desktop\ProyectoFinalTest\pages\home.page.js:35:18)
                    at Context.&lt;anonymous> (C:\Users\Bayron\Desktop\ProyectoFinalTest\tests\automationpractice.test.js:16:22)
                    at Context.executeAsync (C:\Users\Bayron\Desktop\ProyectoFinalTest\node_modules\@wdio\utils\build\shim.js:123:21)
                    at Context.testFrameworkFnWrapper (C:\Users\Bayron\Desktop\ProyectoFinalTest\node_modules\@wdio\utils\build\test-framework\testFnWrapper.js:49:28)</stack-trace>
            </failure>
        </test-case>
        <test-case start='1634669317043' status='broken' stop='1634669317046'>
            <name>Buscar Blouse</name>
            <title>Buscar Blouse</title>
            <labels>
                <label name='language' value='javascript'/>
                <label name='framework' value='wdio'/>
                <label name='thread' value='0-0'/>
            </labels>
            <parameters>
                <parameter kind='argument' name='browser' value='Chrome-10.0.19042'/>
            </parameters>
            <steps>
                <step start='1634669317046' status='passed' stop='1634669317046'>
                    <name>Abrir URL</name>
                    <title>Abrir URL</title>
                    <attachments/>
                    <steps/>
                </step>
                <step start='1634669317046' status='passed' stop='1634669317046'>
                    <name>Buscar artículo: Blouse</name>
                    <title>Buscar artículo: Blouse</title>
                    <attachments/>
                    <steps/>
                </step>
            </steps>
            <attachments/>
            <failure>
                <message>elemento.waitForClickable is not a function</message>
                <stack-trace>TypeError: elemento.waitForClickable is not a function
                    at BasePage.clearAndSendKeys (C:\Users\Bayron\Desktop\ProyectoFinalTest\pages\base.page.js:32:17)
                    at HomePage.buscar (C:\Users\Bayron\Desktop\ProyectoFinalTest\pages\home.page.js:35:18)
                    at Context.&lt;anonymous> (C:\Users\Bayron\Desktop\ProyectoFinalTest\tests\automationpractice.test.js:16:22)
                    at Context.executeAsync (C:\Users\Bayron\Desktop\ProyectoFinalTest\node_modules\@wdio\utils\build\shim.js:123:21)
                    at Context.testFrameworkFnWrapper (C:\Users\Bayron\Desktop\ProyectoFinalTest\node_modules\@wdio\utils\build\test-framework\testFnWrapper.js:49:28)</stack-trace>
            </failure>
        </test-case>
        <test-case start='1634669317051' status='broken' stop='1634669317052'>
            <name>Validar Menú</name>
            <title>Validar Menú</title>
            <labels>
                <label name='language' value='javascript'/>
                <label name='framework' value='wdio'/>
                <label name='thread' value='0-0'/>
            </labels>
            <parameters>
                <parameter kind='argument' name='browser' value='Chrome-10.0.19042'/>
            </parameters>
            <steps>
                <step start='1634669317051' status='passed' stop='1634669317051'>
                    <name>Abrir URL</name>
                    <title>Abrir URL</title>
                    <attachments/>
                    <steps/>
                </step>
                <step start='1634669317051' status='passed' stop='1634669317051'>
                    <name>Obtener menú</name>
                    <title>Obtener menú</title>
                    <attachments/>
                    <steps/>
                </step>
            </steps>
            <attachments/>
            <failure>
                <message>elemento.waitForClickable is not a function</message>
                <stack-trace>TypeError: elemento.waitForClickable is not a function
                    at BasePage.clickearElemento (C:\Users\Bayron\Desktop\ProyectoFinalTest\pages\base.page.js:21:17)
                    at HomePage.clickMenu (C:\Users\Bayron\Desktop\ProyectoFinalTest\pages\home.page.js:47:18)
                    at Context.&lt;anonymous> (C:\Users\Bayron\Desktop\ProyectoFinalTest\tests\automationpractice.test.js:24:18)
                    at Context.executeAsync (C:\Users\Bayron\Desktop\ProyectoFinalTest\node_modules\@wdio\utils\build\shim.js:123:21)
                    at Context.testFrameworkFnWrapper (C:\Users\Bayron\Desktop\ProyectoFinalTest\node_modules\@wdio\utils\build\test-framework\testFnWrapper.js:49:28)</stack-trace>
            </failure>
        </test-case>
        <test-case start='1634669317052' status='broken' stop='1634669317053'>
            <name>Validar direccionamiento Logo</name>
            <title>Validar direccionamiento Logo</title>
            <labels>
                <label name='language' value='javascript'/>
                <label name='framework' value='wdio'/>
                <label name='thread' value='0-0'/>
            </labels>
            <parameters>
                <parameter kind='argument' name='browser' value='Chrome-10.0.19042'/>
            </parameters>
            <steps>
                <step start='1634669317052' status='passed' stop='1634669317052'>
                    <name>Abrir URL</name>
                    <title>Abrir URL</title>
                    <attachments/>
                    <steps/>
                </step>
                <step start='1634669317052' status='passed' stop='1634669317052'>
                    <name>Obtener Logo</name>
                    <title>Obtener Logo</title>
                    <attachments/>
                    <steps/>
                </step>
            </steps>
            <attachments/>
            <failure>
                <message>elemento.waitForClickable is not a function</message>
                <stack-trace>TypeError: elemento.waitForClickable is not a function
                    at BasePage.clickearElemento (C:\Users\Bayron\Desktop\ProyectoFinalTest\pages\base.page.js:21:17)
                    at HomePage.clickLogo (C:\Users\Bayron\Desktop\ProyectoFinalTest\pages\home.page.js:52:18)
                    at Context.&lt;anonymous> (C:\Users\Bayron\Desktop\ProyectoFinalTest\tests\automationpractice.test.js:39:18)
                    at Context.executeAsync (C:\Users\Bayron\Desktop\ProyectoFinalTest\node_modules\@wdio\utils\build\shim.js:123:21)
                    at Context.testFrameworkFnWrapper (C:\Users\Bayron\Desktop\ProyectoFinalTest\node_modules\@wdio\utils\build\test-framework\testFnWrapper.js:49:28)</stack-trace>
            </failure>
        </test-case>
        <test-case start='1634669317053' status='broken' stop='1634669317054'>
            <name>Validar direccionamiento Cart</name>
            <title>Validar direccionamiento Cart</title>
            <labels>
                <label name='language' value='javascript'/>
                <label name='framework' value='wdio'/>
                <label name='thread' value='0-0'/>
            </labels>
            <parameters>
                <parameter kind='argument' name='browser' value='Chrome-10.0.19042'/>
            </parameters>
            <steps>
                <step start='1634669317053' status='passed' stop='1634669317053'>
                    <name>Abrir URL</name>
                    <title>Abrir URL</title>
                    <attachments/>
                    <steps/>
                </step>
                <step start='1634669317053' status='passed' stop='1634669317053'>
                    <name>Obtener Carro</name>
                    <title>Obtener Carro</title>
                    <attachments/>
                    <steps/>
                </step>
            </steps>
            <attachments/>
            <failure>
                <message>elemento.waitForClickable is not a function</message>
                <stack-trace>TypeError: elemento.waitForClickable is not a function
                    at BasePage.clickearElemento (C:\Users\Bayron\Desktop\ProyectoFinalTest\pages\base.page.js:21:17)
                    at HomePage.clickCart (C:\Users\Bayron\Desktop\ProyectoFinalTest\pages\home.page.js:57:18)
                    at Context.&lt;anonymous> (C:\Users\Bayron\Desktop\ProyectoFinalTest\tests\automationpractice.test.js:48:18)
                    at Context.executeAsync (C:\Users\Bayron\Desktop\ProyectoFinalTest\node_modules\@wdio\utils\build\shim.js:123:21)
                    at Context.testFrameworkFnWrapper (C:\Users\Bayron\Desktop\ProyectoFinalTest\node_modules\@wdio\utils\build\test-framework\testFnWrapper.js:49:28)</stack-trace>
            </failure>
        </test-case>
        <test-case start='1634669317054' status='broken' stop='1634669317055'>
            <name>Validar direccionamiento Cart</name>
            <title>Validar direccionamiento Cart</title>
            <labels>
                <label name='language' value='javascript'/>
                <label name='framework' value='wdio'/>
                <label name='thread' value='0-0'/>
            </labels>
            <parameters>
                <parameter kind='argument' name='browser' value='Chrome-10.0.19042'/>
            </parameters>
            <steps>
                <step start='1634669317054' status='passed' stop='1634669317054'>
                    <name>Abrir URL</name>
                    <title>Abrir URL</title>
                    <attachments/>
                    <steps/>
                </step>
                <step start='1634669317054' status='passed' stop='1634669317054'>
                    <name>Obtener Contact Us</name>
                    <title>Obtener Contact Us</title>
                    <attachments/>
                    <steps/>
                </step>
            </steps>
            <attachments/>
            <failure>
                <message>elemento.waitForClickable is not a function</message>
                <stack-trace>TypeError: elemento.waitForClickable is not a function
                    at BasePage.clickearElemento (C:\Users\Bayron\Desktop\ProyectoFinalTest\pages\base.page.js:21:17)
                    at HomePage.clickContactUs (C:\Users\Bayron\Desktop\ProyectoFinalTest\pages\home.page.js:30:18)
                    at Context.&lt;anonymous> (C:\Users\Bayron\Desktop\ProyectoFinalTest\tests\automationpractice.test.js:57:18)
                    at Context.executeAsync (C:\Users\Bayron\Desktop\ProyectoFinalTest\node_modules\@wdio\utils\build\shim.js:123:21)
                    at Context.testFrameworkFnWrapper (C:\Users\Bayron\Desktop\ProyectoFinalTest\node_modules\@wdio\utils\build\test-framework\testFnWrapper.js:49:28)</stack-trace>
            </failure>
        </test-case>
        <test-case start='1634669317055' status='broken' stop='1634669317056'>
            <name>Comparación de Logo</name>
            <title>Comparación de Logo</title>
            <labels>
                <label name='language' value='javascript'/>
                <label name='framework' value='wdio'/>
                <label name='thread' value='0-0'/>
            </labels>
            <parameters>
                <parameter kind='argument' name='browser' value='Chrome-10.0.19042'/>
            </parameters>
            <steps/>
            <attachments/>
            <failure>
                <message>homePage.logoWeb.waitForDisplayed is not a function</message>
                <stack-trace>TypeError: homePage.logoWeb.waitForDisplayed is not a function
                    at Context.&lt;anonymous> (C:\Users\Bayron\Desktop\ProyectoFinalTest\tests\automationpractice.test.js:69:28)
                    at Context.executeAsync (C:\Users\Bayron\Desktop\ProyectoFinalTest\node_modules\@wdio\utils\build\shim.js:123:21)
                    at Context.testFrameworkFnWrapper (C:\Users\Bayron\Desktop\ProyectoFinalTest\node_modules\@wdio\utils\build\test-framework\testFnWrapper.js:49:28)</stack-trace>
            </failure>
        </test-case>
    </test-cases>
</ns2:test-suite>