<?xml version='1.0'?>
<ns2:test-suite xmlns:ns2='urn:model.allure.qatools.yandex.ru' start='1636662865295' stop='1636662873235'>
    <name>AutomationPractice</name>
    <title>AutomationPractice</title>
    <test-cases>
        <test-case start='1636662865295' status='broken' stop='1636662869255'>
            <name>Buscar Printed Chiffon Dress</name>
            <title>Buscar Printed Chiffon Dress</title>
            <labels>
                <label name='language' value='javascript'/>
                <label name='framework' value='wdio'/>
                <label name='thread' value='0-0'/>
            </labels>
            <parameters>
                <parameter kind='argument' name='browser' value='Chrome-10.0.19042'/>
            </parameters>
            <steps>
                <step start='1636662865297' status='passed' stop='1636662865297'>
                    <name>Abrir URL</name>
                    <title>Abrir URL</title>
                    <attachments/>
                    <steps/>
                </step>
                <step start='1636662869188' status='passed' stop='1636662869188'>
                    <name>Buscar artículo: Printed Chiffon Dress</name>
                    <title>Buscar artículo: Printed Chiffon Dress</title>
                    <attachments/>
                    <steps/>
                </step>
            </steps>
            <attachments/>
            <failure>
                <message>this.barraDeBusqueda.keys is not a function</message>
                <stack-trace>TypeError: this.barraDeBusqueda.keys is not a function
                    at HomePage.buscar (C:\Users\Bayron\Documents\ProyectoCurso\pages\home.page.js:36:36)
                    at processTicksAndRejections (internal/process/task_queues.js:93:5)
                    at async Context.&lt;anonymous> (C:\Users\Bayron\Documents\ProyectoCurso\tests\automationpractice.test.js:16:13)
                    at async Context.executeAsync (C:\Users\Bayron\Documents\ProyectoCurso\node_modules\@wdio\utils\build\shim.js:123:12)
                    at async Context.testFrameworkFnWrapper (C:\Users\Bayron\Documents\ProyectoCurso\node_modules\@wdio\utils\build\test-framework\testFnWrapper.js:57:14)</stack-trace>
            </failure>
        </test-case>
        <test-case start='1636662869256' status='broken' stop='1636662871335'>
            <name>Buscar Blouse</name>
            <title>Buscar Blouse</title>
            <labels>
                <label name='language' value='javascript'/>
                <label name='framework' value='wdio'/>
                <label name='thread' value='0-0'/>
            </labels>
            <parameters>
                <parameter kind='argument' name='browser' value='Chrome-10.0.19042'/>
            </parameters>
            <steps>
                <step start='1636662869256' status='passed' stop='1636662869256'>
                    <name>Abrir URL</name>
                    <title>Abrir URL</title>
                    <attachments/>
                    <steps/>
                </step>
                <step start='1636662871288' status='passed' stop='1636662871288'>
                    <name>Buscar artículo: Blouse</name>
                    <title>Buscar artículo: Blouse</title>
                    <attachments/>
                    <steps/>
                </step>
            </steps>
            <attachments>
                <attachment title='Screenshot' source='f7076755-b80e-43a5-9d66-0bd7c76dc6c0-attachment.png' type='image/png' size='1538019'/>
            </attachments>
            <failure>
                <message>this.barraDeBusqueda.keys is not a function</message>
                <stack-trace>TypeError: this.barraDeBusqueda.keys is not a function
                    at HomePage.buscar (C:\Users\Bayron\Documents\ProyectoCurso\pages\home.page.js:36:36)
                    at processTicksAndRejections (internal/process/task_queues.js:93:5)
                    at async Context.&lt;anonymous> (C:\Users\Bayron\Documents\ProyectoCurso\tests\automationpractice.test.js:16:13)
                    at async Context.executeAsync (C:\Users\Bayron\Documents\ProyectoCurso\node_modules\@wdio\utils\build\shim.js:123:12)
                    at async Context.testFrameworkFnWrapper (C:\Users\Bayron\Documents\ProyectoCurso\node_modules\@wdio\utils\build\test-framework\testFnWrapper.js:57:14)</stack-trace>
            </failure>
        </test-case>
        <test-case start='1636662871336' status='broken' stop='1636662873227'>
            <name>Validar Menú</name>
            <title>Validar Menú</title>
            <labels>
                <label name='language' value='javascript'/>
                <label name='framework' value='wdio'/>
                <label name='thread' value='0-0'/>
            </labels>
            <parameters>
                <parameter kind='argument' name='browser' value='Chrome-10.0.19042'/>
            </parameters>
            <steps>
                <step start='1636662871336' status='passed' stop='1636662871336'>
                    <name>Abrir URL</name>
                    <title>Abrir URL</title>
                    <attachments/>
                    <steps/>
                </step>
                <step start='1636662873226' status='passed' stop='1636662873226'>
                    <name>Obtener menú</name>
                    <title>Obtener menú</title>
                    <attachments/>
                    <steps/>
                </step>
            </steps>
            <attachments>
                <attachment title='Screenshot' source='b2720938-56b7-4a37-b4e4-f0f1489d1d9d-attachment.png' type='image/png' size='1567941'/>
            </attachments>
            <failure>
                <message>homePage.clickMenu(...) is not a function</message>
                <stack-trace>TypeError: homePage.clickMenu(...) is not a function
                    at Context.&lt;anonymous> (C:\Users\Bayron\Documents\ProyectoCurso\tests\automationpractice.test.js:26:9)
                    at processTicksAndRejections (internal/process/task_queues.js:93:5)
                    at async Context.executeAsync (C:\Users\Bayron\Documents\ProyectoCurso\node_modules\@wdio\utils\build\shim.js:123:12)
                    at async Context.testFrameworkFnWrapper (C:\Users\Bayron\Documents\ProyectoCurso\node_modules\@wdio\utils\build\test-framework\testFnWrapper.js:57:14)</stack-trace>
            </failure>
        </test-case>
        <test-case start='1636662873228' status='broken' stop='1636662873230'>
            <name>Validar direccionamiento Logo</name>
            <title>Validar direccionamiento Logo</title>
            <labels>
                <label name='language' value='javascript'/>
                <label name='framework' value='wdio'/>
                <label name='thread' value='0-0'/>
            </labels>
            <parameters>
                <parameter kind='argument' name='browser' value='Chrome-10.0.19042'/>
            </parameters>
            <steps>
                <step start='1636662873228' status='passed' stop='1636662873228'>
                    <name>Abrir URL</name>
                    <title>Abrir URL</title>
                    <attachments/>
                    <steps/>
                </step>
                <step start='1636662873228' status='passed' stop='1636662873228'>
                    <name>Obtener Logo</name>
                    <title>Obtener Logo</title>
                    <attachments/>
                    <steps/>
                </step>
            </steps>
            <attachments/>
            <failure>
                <message>homePage.logoWeb.waitForExist is not a function</message>
                <stack-trace>TypeError: homePage.logoWeb.waitForExist is not a function
                    at Context.&lt;anonymous> (C:\Users\Bayron\Documents\ProyectoCurso\tests\automationpractice.test.js:40:26)
                    at Context.executeAsync (C:\Users\Bayron\Documents\ProyectoCurso\node_modules\@wdio\utils\build\shim.js:123:21)
                    at Context.testFrameworkFnWrapper (C:\Users\Bayron\Documents\ProyectoCurso\node_modules\@wdio\utils\build\test-framework\testFnWrapper.js:49:28)</stack-trace>
            </failure>
        </test-case>
        <test-case start='1636662873230' status='broken' stop='1636662873231'>
            <name>Validar empty Cart</name>
            <title>Validar empty Cart</title>
            <labels>
                <label name='language' value='javascript'/>
                <label name='framework' value='wdio'/>
                <label name='thread' value='0-0'/>
            </labels>
            <parameters>
                <parameter kind='argument' name='browser' value='Chrome-10.0.19042'/>
            </parameters>
            <steps>
                <step start='1636662873231' status='passed' stop='1636662873231'>
                    <name>Abrir URL</name>
                    <title>Abrir URL</title>
                    <attachments/>
                    <steps/>
                </step>
                <step start='1636662873231' status='passed' stop='1636662873231'>
                    <name>Obtener Carro</name>
                    <title>Obtener Carro</title>
                    <attachments/>
                    <steps/>
                </step>
            </steps>
            <attachments/>
            <failure>
                <message>homePage.resultadoCartEmpy.waitForExist is not a function</message>
                <stack-trace>TypeError: homePage.resultadoCartEmpy.waitForExist is not a function
                    at Context.&lt;anonymous> (C:\Users\Bayron\Documents\ProyectoCurso\tests\automationpractice.test.js:49:36)
                    at Context.executeAsync (C:\Users\Bayron\Documents\ProyectoCurso\node_modules\@wdio\utils\build\shim.js:123:21)
                    at Context.testFrameworkFnWrapper (C:\Users\Bayron\Documents\ProyectoCurso\node_modules\@wdio\utils\build\test-framework\testFnWrapper.js:49:28)</stack-trace>
            </failure>
        </test-case>
        <test-case start='1636662873232' status='broken' stop='1636662873233'>
            <name>Validar mensaje</name>
            <title>Validar mensaje</title>
            <labels>
                <label name='language' value='javascript'/>
                <label name='framework' value='wdio'/>
                <label name='thread' value='0-0'/>
            </labels>
            <parameters>
                <parameter kind='argument' name='browser' value='Chrome-10.0.19042'/>
            </parameters>
            <steps>
                <step start='1636662873232' status='passed' stop='1636662873232'>
                    <name>Abrir URL</name>
                    <title>Abrir URL</title>
                    <attachments/>
                    <steps/>
                </step>
                <step start='1636662873232' status='passed' stop='1636662873232'>
                    <name>Obtener Contact Us</name>
                    <title>Obtener Contact Us</title>
                    <attachments/>
                    <steps/>
                </step>
            </steps>
            <attachments/>
            <failure>
                <message>homePage.dropDownHeading.selectByIndex is not a function</message>
                <stack-trace>TypeError: homePage.dropDownHeading.selectByIndex is not a function
                    at Context.&lt;anonymous> (C:\Users\Bayron\Documents\ProyectoCurso\tests\automationpractice.test.js:58:34)
                    at Context.executeAsync (C:\Users\Bayron\Documents\ProyectoCurso\node_modules\@wdio\utils\build\shim.js:123:21)
                    at Context.testFrameworkFnWrapper (C:\Users\Bayron\Documents\ProyectoCurso\node_modules\@wdio\utils\build\test-framework\testFnWrapper.js:49:28)</stack-trace>
            </failure>
        </test-case>
        <test-case start='1636662873233' status='broken' stop='1636662873234'>
            <name>Comparación de Logo</name>
            <title>Comparación de Logo</title>
            <labels>
                <label name='language' value='javascript'/>
                <label name='framework' value='wdio'/>
                <label name='thread' value='0-0'/>
            </labels>
            <parameters>
                <parameter kind='argument' name='browser' value='Chrome-10.0.19042'/>
            </parameters>
            <steps/>
            <attachments/>
            <failure>
                <message>homePage.logoWeb.waitForDisplayed is not a function</message>
                <stack-trace>TypeError: homePage.logoWeb.waitForDisplayed is not a function
                    at Context.&lt;anonymous> (C:\Users\Bayron\Documents\ProyectoCurso\tests\automationpractice.test.js:69:28)
                    at Context.executeAsync (C:\Users\Bayron\Documents\ProyectoCurso\node_modules\@wdio\utils\build\shim.js:123:21)
                    at Context.testFrameworkFnWrapper (C:\Users\Bayron\Documents\ProyectoCurso\node_modules\@wdio\utils\build\test-framework\testFnWrapper.js:49:28)</stack-trace>
            </failure>
        </test-case>
    </test-cases>
</ns2:test-suite>